<?xml version="1.0" encoding="UTF-8" ?>

<testsuite failures="0" time="0.185" errors="0" skipped="0" tests="4" name="BasicTest">
  <testcase classname="BasicTest" name="useTheCommentsRelation" time="0.161">
      </testcase>
  <testcase classname="BasicTest" name="tryConnectAsUser" time="0.008">
      </testcase>
  <testcase classname="BasicTest" name="createPost" time="0.007">
      </testcase>
  <testcase classname="BasicTest" name="postComments" time="0.009">
      </testcase>
</testsuite>
